TN:
SF:/Users/andeladeveloper/Projects/document-management-system/client/actions/Authentication.js
FN:11,logout
FN:12,(anonymous_4)
FN:31,login
FN:32,(anonymous_6)
FN:34,(anonymous_7)
FNF:5
FNH:2
FNDA:0,logout
FNDA:0,(anonymous_4)
FNDA:2,login
FNDA:2,(anonymous_6)
FNDA:0,(anonymous_7)
DA:1,1
DA:2,1
DA:3,1
DA:4,1
DA:11,1
DA:12,0
DA:13,0
DA:14,0
DA:15,0
DA:19,0
DA:31,1
DA:32,2
DA:33,2
DA:35,0
DA:36,0
DA:37,0
DA:38,0
DA:45,1
LF:18
LH:9
BRF:0
BRH:0
end_of_record
TN:
SF:/Users/andeladeveloper/Projects/document-management-system/client/utilities/SetAuthorizationToken.js
FN:7,setAuthorizationToken
FNF:1
FNH:0
FNDA:0,setAuthorizationToken
DA:1,1
DA:7,1
DA:8,0
DA:9,0
DA:11,0
DA:15,1
LF:6
LH:3
BRDA:8,3,0,0
BRDA:8,3,1,0
BRF:2
BRH:0
end_of_record
TN:
SF:/Users/andeladeveloper/Projects/document-management-system/client/actions/ActionType.js
FNF:0
FNH:0
DA:1,1
DA:2,1
DA:3,1
DA:4,1
DA:5,1
DA:6,1
DA:7,1
DA:8,1
DA:9,1
DA:10,1
DA:11,1
DA:12,1
DA:13,1
DA:14,1
DA:15,1
LF:15
LH:15
BRF:0
BRH:0
end_of_record
TN:
SF:/Users/andeladeveloper/Projects/document-management-system/client/actions/DocumentAction.js
FN:9,saveDocument
FN:10,(anonymous_4)
FN:12,(anonymous_5)
FN:25,fetchDocuments
FN:28,(anonymous_7)
FN:30,(anonymous_8)
FN:47,fetchDocument
FN:48,(anonymous_10)
FN:50,(anonymous_11)
FN:63,updateDocument
FN:64,(anonymous_13)
FN:66,(anonymous_14)
FN:79,deleteDocument
FN:80,(anonymous_16)
FN:82,(anonymous_17)
FNF:15
FNH:4
FNDA:1,saveDocument
FNDA:1,(anonymous_4)
FNDA:0,(anonymous_5)
FNDA:1,fetchDocuments
FNDA:1,(anonymous_7)
FNDA:0,(anonymous_8)
FNDA:0,fetchDocument
FNDA:0,(anonymous_10)
FNDA:0,(anonymous_11)
FNDA:0,updateDocument
FNDA:0,(anonymous_13)
FNDA:0,(anonymous_14)
FNDA:0,deleteDocument
FNDA:0,(anonymous_16)
FNDA:0,(anonymous_17)
DA:1,1
DA:2,1
DA:9,1
DA:10,1
DA:11,1
DA:13,0
DA:26,1
DA:27,1
DA:28,1
DA:29,1
DA:31,0
DA:35,0
DA:48,0
DA:49,0
DA:51,0
DA:64,0
DA:65,0
DA:67,0
DA:80,0
DA:81,0
DA:83,0
DA:91,1
DA:92,1
LF:23
LH:11
BRDA:26,7,0,1
BRDA:26,7,1,1
BRF:2
BRH:2
end_of_record
TN:
SF:/Users/andeladeveloper/Projects/document-management-system/client/actions/Search.js
FN:8,documentSearched
FN:19,searchDocument
FN:20,(anonymous_5)
FN:22,(anonymous_6)
FNF:4
FNH:2
FNDA:0,documentSearched
FNDA:1,searchDocument
FNDA:1,(anonymous_5)
FNDA:0,(anonymous_6)
DA:1,1
DA:2,1
DA:8,1
DA:9,0
DA:20,1
DA:21,1
DA:23,0
DA:24,0
DA:32,1
LF:9
LH:6
BRF:0
BRH:0
end_of_record
TN:
SF:/Users/andeladeveloper/Projects/document-management-system/client/actions/SignUpAction.js
FN:10,signupRequest
FN:11,(anonymous_4)
FN:13,(anonymous_5)
FNF:3
FNH:2
FNDA:2,signupRequest
FNDA:2,(anonymous_4)
FNDA:0,(anonymous_5)
DA:1,1
DA:2,1
DA:3,1
DA:4,1
DA:10,1
DA:11,2
DA:12,2
DA:14,0
DA:15,0
DA:16,0
DA:17,0
DA:25,1
LF:12
LH:8
BRF:0
BRH:0
end_of_record
TN:
SF:/Users/andeladeveloper/Projects/document-management-system/client/actions/UserAction.js
FN:9,fetchUsers
FN:12,(anonymous_4)
FN:14,(anonymous_5)
FN:31,fetchUser
FN:32,(anonymous_7)
FN:34,(anonymous_8)
FN:46,updateUser
FN:47,(anonymous_10)
FN:49,(anonymous_11)
FN:60,deleteUser
FN:61,(anonymous_13)
FN:63,(anonymous_14)
FNF:12
FNH:2
FNDA:1,fetchUsers
FNDA:1,(anonymous_4)
FNDA:0,(anonymous_5)
FNDA:0,fetchUser
FNDA:0,(anonymous_7)
FNDA:0,(anonymous_8)
FNDA:0,updateUser
FNDA:0,(anonymous_10)
FNDA:0,(anonymous_11)
FNDA:0,deleteUser
FNDA:0,(anonymous_13)
FNDA:0,(anonymous_14)
DA:1,1
DA:2,1
DA:9,1
DA:10,1
DA:12,1
DA:13,1
DA:15,0
DA:19,0
DA:32,0
DA:33,0
DA:34,0
DA:47,0
DA:48,0
DA:49,0
DA:61,0
DA:62,0
DA:63,0
DA:70,1
LF:18
LH:7
BRDA:10,7,0,1
BRDA:10,7,1,1
BRF:2
BRH:2
end_of_record
TN:
SF:/Users/andeladeveloper/Projects/document-management-system/client/components/App.jsx
FN:6,render
FNF:1
FNH:1
FNDA:4,render
DA:1,1
DA:2,1
DA:3,1
DA:5,1
DA:8,4
DA:17,1
LF:6
LH:6
BRF:0
BRH:0
end_of_record
TN:
SF:/Users/andeladeveloper/Projects/document-management-system/client/components/shared/NavigationBar.jsx
FN:14,NavigationBar
FN:22,logout
FN:31,render
FN:111,mapStateToProps
FNF:4
FNH:0
FNDA:0,NavigationBar
FNDA:0,logout
FNDA:0,render
FNDA:0,mapStateToProps
DA:1,1
DA:2,1
DA:3,1
DA:5,1
DA:9,1
DA:14,1
DA:15,0
DA:16,0
DA:23,0
DA:24,0
DA:25,0
DA:32,0
DA:34,0
DA:99,1
DA:104,1
DA:111,1
DA:112,0
DA:117,1
LF:18
LH:10
BRDA:15,16,0,0
BRDA:15,16,1,0
BRDA:46,17,0,0
BRDA:46,17,1,0
BRDA:51,18,0,0
BRDA:51,18,1,0
BRDA:54,19,0,0
BRDA:54,19,1,0
BRDA:58,20,0,0
BRDA:58,20,1,0
BRDA:62,21,0,0
BRDA:62,21,1,0
BRDA:70,22,0,0
BRDA:70,22,1,0
BRDA:75,23,0,0
BRDA:75,23,1,0
BRDA:79,24,0,0
BRDA:79,24,1,0
BRDA:83,25,0,0
BRDA:83,25,1,0
BRDA:87,26,0,0
BRDA:87,26,1,0
BRF:22
BRH:0
end_of_record
TN:
SF:/Users/andeladeveloper/Projects/document-management-system/client/components/shared/FooterPage.jsx
FN:7,render
FNF:1
FNH:0
FNDA:0,render
DA:1,1
DA:2,1
DA:4,1
DA:6,1
DA:9,0
DA:14,1
LF:6
LH:5
BRF:0
BRH:0
end_of_record
TN:
SF:/Users/andeladeveloper/Projects/document-management-system/client/components/shared/Footer.jsx
FN:12,render
FNF:1
FNH:0
FNDA:0,render
DA:1,1
DA:2,1
DA:6,1
DA:13,0
DA:15,0
DA:45,1
LF:6
LH:4
BRF:0
BRH:0
end_of_record
TN:
SF:/Users/andeladeveloper/Projects/document-management-system/client/components/document/DocumentCard.jsx
FN:5,DocumentCard
FN:26,onClick
FNF:2
FNH:0
FNDA:0,DocumentCard
FNDA:0,onClick
DA:1,1
DA:2,1
DA:3,1
DA:5,1
DA:7,0
DA:26,0
DA:35,1
DA:41,1
LF:8
LH:6
BRDA:14,3,0,0
BRDA:14,3,1,0
BRDA:23,4,0,0
BRDA:23,4,1,0
BRF:4
BRH:0
end_of_record
TN:
SF:/Users/andeladeveloper/Projects/document-management-system/client/components/document/DocumentForm.jsx
FN:5,DocumentForm
FNF:1
FNH:1
FNDA:4,DocumentForm
DA:1,1
DA:2,1
DA:3,1
DA:5,4
DA:7,4
DA:61,1
DA:69,1
LF:7
LH:7
BRDA:19,3,0,4
BRDA:19,3,1,0
BRDA:31,4,0,4
BRDA:31,4,1,0
BRDA:51,5,0,1
BRDA:51,5,1,3
BRF:6
BRH:4
end_of_record
TN:
SF:/Users/andeladeveloper/Projects/document-management-system/client/components/login/LoginForm.jsx
FN:7,LoginForm
FNF:1
FNH:0
FNDA:0,LoginForm
DA:1,1
DA:2,1
DA:3,1
DA:7,1
DA:9,0
DA:58,1
DA:65,1
LF:7
LH:6
BRDA:13,3,0,0
BRDA:13,3,1,0
BRF:2
BRH:0
end_of_record
TN:
SF:/Users/andeladeveloper/Projects/document-management-system/client/components/signup/SignUpForm.jsx
FN:4,SignUpForm
FNF:1
FNH:0
FNDA:0,SignUpForm
DA:1,1
DA:2,1
DA:4,1
DA:6,0
DA:80,1
DA:87,1
LF:6
LH:5
BRDA:10,3,0,0
BRDA:10,3,1,0
BRF:2
BRH:0
end_of_record
TN:
SF:/Users/andeladeveloper/Projects/document-management-system/client/reducers/AuthenticationReducer.js
FN:9,(anonymous_2)
FNF:1
FNH:1
FNDA:2,(anonymous_2)
DA:1,1
DA:2,1
DA:4,1
DA:9,2
DA:10,2
DA:12,2
DA:16,0
LF:7
LH:6
BRDA:9,3,0,2
BRDA:9,3,1,0
BRDA:9,4,0,2
BRDA:9,4,1,2
BRDA:9,5,0,2
BRDA:9,5,1,0
BRDA:9,6,0,2
BRDA:9,6,1,2
BRF:8
BRH:6
end_of_record
TN:
SF:/Users/andeladeveloper/Projects/document-management-system/client/reducers/DocumentReducer.js
FN:3,documents
FN:9,(anonymous_4)
FN:14,(anonymous_5)
FN:19,(anonymous_6)
FNF:4
FNH:4
FNDA:5,documents
FNDA:3,(anonymous_4)
FNDA:3,(anonymous_5)
FNDA:3,(anonymous_6)
DA:1,1
DA:3,5
DA:4,5
DA:6,1
DA:9,3
DA:14,3
DA:19,3
DA:22,1
DA:24,0
DA:28,1
LF:10
LH:9
BRDA:3,6,0,5
BRDA:3,6,1,0
BRDA:3,7,0,5
BRDA:3,7,1,5
BRDA:3,8,0,5
BRDA:3,8,1,0
BRDA:3,9,0,5
BRDA:3,9,1,5
BRDA:5,10,0,1
BRDA:5,10,1,1
BRDA:5,10,2,1
BRDA:5,10,3,1
BRDA:5,10,4,1
BRDA:5,10,5,0
BRF:14
BRH:12
end_of_record
TN:
SF:/Users/andeladeveloper/Projects/document-management-system/client/reducers/UserReducer.js
FN:3,users
FN:12,(anonymous_4)
FN:16,(anonymous_5)
FNF:3
FNH:3
FNDA:4,users
FNDA:3,(anonymous_4)
FNDA:3,(anonymous_5)
DA:1,1
DA:3,4
DA:4,4
DA:7,1
DA:12,3
DA:16,3
DA:18,1
DA:20,0
DA:24,1
LF:9
LH:8
BRDA:3,6,0,4
BRDA:3,6,1,0
BRDA:3,7,0,4
BRDA:3,7,1,4
BRDA:3,8,0,4
BRDA:3,8,1,0
BRDA:3,9,0,4
BRDA:3,9,1,4
BRDA:5,10,0,1
BRDA:5,10,1,1
BRDA:5,10,2,1
BRDA:5,10,3,1
BRDA:5,10,4,0
BRF:13
BRH:11
end_of_record
TN:
SF:/Users/andeladeveloper/Projects/document-management-system/server/models/index.js
FN:22,(anonymous_2)
FN:26,(anonymous_3)
FN:31,(anonymous_4)
FNF:3
FNH:3
FNDA:5,(anonymous_2)
FNDA:3,(anonymous_3)
FNDA:3,(anonymous_4)
DA:1,1
DA:2,1
DA:3,1
DA:5,1
DA:7,1
DA:8,1
DA:9,1
DA:10,1
DA:12,1
DA:13,1
DA:14,1
DA:16,0
DA:20,1
DA:23,5
DA:27,3
DA:28,3
DA:31,1
DA:32,3
DA:33,3
DA:37,1
DA:38,1
DA:40,1
LF:22
LH:21
BRDA:8,3,0,1
BRDA:8,3,1,0
BRDA:13,4,0,1
BRDA:13,4,1,0
BRDA:23,5,0,5
BRDA:23,5,1,4
BRDA:23,5,2,3
BRDA:32,6,0,3
BRDA:32,6,1,0
BRF:9
BRH:6
end_of_record
TN:
SF:/Users/andeladeveloper/Projects/document-management-system/server/config/Config.js
FNF:0
FNH:0
DA:2,1
DA:4,1
LF:2
LH:2
BRF:0
BRH:0
end_of_record
TN:
SF:/Users/andeladeveloper/Projects/document-management-system/server/models/Document.js
FN:5,(anonymous_1)
FN:34,associate
FNF:2
FNH:2
FNDA:1,(anonymous_1)
FNDA:1,associate
DA:5,1
DA:6,1
DA:35,1
DA:42,1
LF:4
LH:4
BRF:0
BRH:0
end_of_record
TN:
SF:/Users/andeladeveloper/Projects/document-management-system/server/models/Role.js
FN:5,(anonymous_1)
FN:15,associate
FNF:2
FNH:2
FNDA:1,(anonymous_1)
FNDA:1,associate
DA:5,1
DA:6,1
DA:16,1
DA:22,1
LF:4
LH:4
BRF:0
BRH:0
end_of_record
TN:
SF:/Users/andeladeveloper/Projects/document-management-system/server/models/User.js
FN:6,(anonymous_1)
FN:48,associate
FN:57,generateHash
FN:60,validPassword
FN:65,beforeCreate
FN:68,beforeUpdate
FNF:6
FNH:2
FNDA:1,(anonymous_1)
FNDA:1,associate
FNDA:0,generateHash
FNDA:0,validPassword
FNDA:0,beforeCreate
FNDA:0,beforeUpdate
DA:4,1
DA:6,1
DA:7,1
DA:49,1
DA:50,1
DA:58,0
DA:61,0
DA:66,0
DA:69,0
DA:70,0
DA:75,1
LF:11
LH:6
BRDA:69,1,0,0
BRDA:69,1,1,0
BRF:2
BRH:0
end_of_record
