TN:
SF:/Users/andeladeveloper/Projects/document-management-system/client/components/App.jsx
FN:6,render
FNF:1
FNH:0
FNDA:0,render
DA:1,1
DA:2,1
DA:3,1
DA:5,1
DA:8,0
DA:17,1
LF:6
LH:5
BRF:0
BRH:0
end_of_record
TN:
SF:/Users/andeladeveloper/Projects/document-management-system/client/components/shared/NavigationBar.jsx
FN:14,NavigationBar
FN:22,logout
FN:31,render
FN:111,mapStateToProps
FNF:4
FNH:0
FNDA:0,NavigationBar
FNDA:0,logout
FNDA:0,render
FNDA:0,mapStateToProps
DA:1,1
DA:2,1
DA:3,1
DA:5,1
DA:9,1
DA:14,1
DA:15,0
DA:16,0
DA:23,0
DA:24,0
DA:25,0
DA:32,0
DA:34,0
DA:99,1
DA:104,1
DA:111,1
DA:112,0
DA:117,1
LF:18
LH:10
BRDA:15,16,0,0
BRDA:15,16,1,0
BRDA:46,17,0,0
BRDA:46,17,1,0
BRDA:51,18,0,0
BRDA:51,18,1,0
BRDA:54,19,0,0
BRDA:54,19,1,0
BRDA:58,20,0,0
BRDA:58,20,1,0
BRDA:62,21,0,0
BRDA:62,21,1,0
BRDA:70,22,0,0
BRDA:70,22,1,0
BRDA:75,23,0,0
BRDA:75,23,1,0
BRDA:79,24,0,0
BRDA:79,24,1,0
BRDA:83,25,0,0
BRDA:83,25,1,0
BRDA:87,26,0,0
BRDA:87,26,1,0
BRF:22
BRH:0
end_of_record
TN:
SF:/Users/andeladeveloper/Projects/document-management-system/client/actions/Authentication.js
FN:11,logout
FN:12,(anonymous_4)
FN:31,login
FN:32,(anonymous_6)
FN:34,(anonymous_7)
FNF:5
FNH:0
FNDA:0,logout
FNDA:0,(anonymous_4)
FNDA:0,login
FNDA:0,(anonymous_6)
FNDA:0,(anonymous_7)
DA:1,1
DA:2,1
DA:3,1
DA:4,1
DA:11,1
DA:12,0
DA:13,0
DA:14,0
DA:15,0
DA:19,0
DA:31,1
DA:32,0
DA:33,0
DA:35,0
DA:36,0
DA:37,0
DA:38,0
DA:45,1
LF:18
LH:7
BRF:0
BRH:0
end_of_record
TN:
SF:/Users/andeladeveloper/Projects/document-management-system/client/utilities/SetAuthorizationToken.js
FN:7,setAuthorizationToken
FNF:1
FNH:0
FNDA:0,setAuthorizationToken
DA:1,1
DA:7,1
DA:8,0
DA:9,0
DA:11,0
DA:15,1
LF:6
LH:3
BRDA:8,3,0,0
BRDA:8,3,1,0
BRF:2
BRH:0
end_of_record
TN:
SF:/Users/andeladeveloper/Projects/document-management-system/client/actions/ActionType.js
FNF:0
FNH:0
DA:2,1
DA:3,1
DA:4,1
DA:5,1
DA:6,1
DA:7,1
DA:8,1
DA:9,1
DA:10,1
DA:13,1
DA:14,1
DA:15,1
DA:16,1
DA:17,1
DA:18,1
DA:19,1
LF:16
LH:16
BRF:0
BRH:0
end_of_record
TN:
SF:/Users/andeladeveloper/Projects/document-management-system/client/components/shared/FooterPage.jsx
FN:7,render
FNF:1
FNH:0
FNDA:0,render
DA:1,1
DA:2,1
DA:4,1
DA:6,1
DA:9,0
DA:14,1
LF:6
LH:5
BRF:0
BRH:0
end_of_record
TN:
SF:/Users/andeladeveloper/Projects/document-management-system/client/components/shared/Footer.jsx
FN:12,render
FNF:1
FNH:0
FNDA:0,render
DA:1,1
DA:2,1
DA:6,1
DA:13,0
DA:15,0
DA:45,1
LF:6
LH:4
BRF:0
BRH:0
end_of_record
